{
  "RSpec": {
    "coverage": {
      "/home/mgajewski/Projects/musicstore/app/models/user.rb": [
        null,
        null,
        null,
        null,
        null,
        null,
        null,
        null,
        null,
        null,
        null,
        null,
        null,
        null,
        null,
        null,
        null,
        null,
        null,
        1,
        1,
        null,
        1,
        null
      ],
      "/home/mgajewski/Projects/musicstore/app/helpers/albums_helper.rb": [
        1,
        null
      ],
      "/home/mgajewski/Projects/musicstore/app/helpers/application_helper.rb": [
        1,
        null
      ],
      "/home/mgajewski/Projects/musicstore/app/helpers/pages_helper.rb": [
        1,
        null
      ],
      "/home/mgajewski/Projects/musicstore/app/models/album.rb": [
        null,
        null,
        null,
        null,
        null,
        null,
        null,
        null,
        null,
        null,
        null,
        null,
        null,
        null,
        null,
        1,
        1,
        1,
        null,
        1,
        1,
        1,
        1,
        null,
        1,
        null,
        null,
        null,
        1,
        null,
        null,
        null,
        1,
        1,
        1,
        null,
        null,
        null
      ],
      "/home/mgajewski/Projects/musicstore/app/models/sale.rb": [
        1,
        1,
        1,
        null,
        1,
        null,
        1,
        1,
        1,
        1,
        1,
        null,
        1,
        1,
        null,
        1,
        1,
        null,
        1,
        1,
        null,
        null,
        null,
        1,
        0,
        0,
        null,
        null,
        null,
        null,
        null,
        0,
        0,
        null,
        0,
        0,
        null,
        null,
        1,
        null,
        1,
        0,
        null,
        null
      ]
    },
    "timestamp": 1426692132
  }
}
